<?xml version="1.0" encoding="UTF-8"?>
<testng-results skipped="0" failed="0" ignored="0" total="1" passed="1">
  <reporter-output>
    <line>
      <![CDATA[Test suite setup is started]]>
    </line>
    <line>
      <![CDATA[Test suite setup is completed]]>
    </line>
    <line>
      <![CDATA[Open browser setup is started]]>
    </line>
    <line>
      <![CDATA[Browser is opened]]>
    </line>
    <line>
      <![CDATA[Extent report is generated with screenshot]]>
    </line>
    <line>
      <![CDATA[Browser is closed]]>
    </line>
  </reporter-output>
  <suite name="Default suite" duration-ms="27054" started-at="2020-08-19T14:52:44 IST" finished-at="2020-08-19T14:53:11 IST">
    <groups>
    </groups>
    <test name="Default test" duration-ms="27054" started-at="2020-08-19T14:52:44 IST" finished-at="2020-08-19T14:53:11 IST">
      <class name="com.ecommerce.testcases.VerifySortingForInvoiceDateColumn">
        <test-method status="PASS" signature="setUp()[pri:0, instance:com.ecommerce.testcases.VerifySortingForInvoiceDateColumn@64729b1e]" name="setUp" is-config="true" duration-ms="170" started-at="2020-08-19T14:52:44 IST" finished-at="2020-08-19T14:52:44 IST">
          <reporter-output>
            <line>
              <![CDATA[Test suite setup is started]]>
            </line>
            <line>
              <![CDATA[Test suite setup is completed]]>
            </line>
          </reporter-output>
        </test-method> <!-- setUp -->
        <test-method status="PASS" signature="OpenApplication()[pri:0, instance:com.ecommerce.testcases.VerifySortingForInvoiceDateColumn@64729b1e]" name="OpenApplication" is-config="true" duration-ms="10018" started-at="2020-08-19T14:52:44 IST" finished-at="2020-08-19T14:52:54 IST">
          <reporter-output>
            <line>
              <![CDATA[Open browser setup is started]]>
            </line>
            <line>
              <![CDATA[Browser is opened]]>
            </line>
          </reporter-output>
        </test-method> <!-- OpenApplication -->
        <test-method status="PASS" signature="verifySort()[pri:0, instance:com.ecommerce.testcases.VerifySortingForInvoiceDateColumn@64729b1e]" name="verifySort" duration-ms="15094" started-at="2020-08-19T14:52:54 IST" finished-at="2020-08-19T14:53:09 IST">
          <reporter-output>
          </reporter-output>
        </test-method> <!-- verifySort -->
        <test-method status="PASS" signature="testResult(org.testng.ITestResult)[pri:0, instance:com.ecommerce.testcases.VerifySortingForInvoiceDateColumn@64729b1e]" name="testResult" is-config="true" duration-ms="971" started-at="2020-08-19T14:53:09 IST" finished-at="2020-08-19T14:53:10 IST">
          <params>
            <param index="0">
              <value>
                <![CDATA[[TestResult name=verifySort status=SUCCESS method=VerifySortingForInvoiceDateColumn.verifySort()[pri:0, instance:com.ecommerce.testcases.VerifySortingForInvoiceDateColumn@64729b1e] output={null}]]]>
              </value>
            </param>
          </params>
          <reporter-output>
            <line>
              <![CDATA[Extent report is generated with screenshot]]>
            </line>
          </reporter-output>
        </test-method> <!-- testResult -->
        <test-method status="PASS" signature="closeBrowser()[pri:0, instance:com.ecommerce.testcases.VerifySortingForInvoiceDateColumn@64729b1e]" name="closeBrowser" is-config="true" duration-ms="918" started-at="2020-08-19T14:53:10 IST" finished-at="2020-08-19T14:53:11 IST">
          <reporter-output>
            <line>
              <![CDATA[Browser is closed]]>
            </line>
          </reporter-output>
        </test-method> <!-- closeBrowser -->
      </class> <!-- com.ecommerce.testcases.VerifySortingForInvoiceDateColumn -->
    </test> <!-- Default test -->
  </suite> <!-- Default suite -->
</testng-results>
