<?xml version="1.0" encoding="UTF-8"?>
<!-- Generated by org.testng.reporters.JUnitXMLReporter -->
<testsuite hostname="PC4121" ignored="2" name="Test" tests="3" failures="0" timestamp="2020-07-17T18:47:57 IST" time="81.796" errors="0">
  <testcase name="verifySorting" time="7.814" classname="com.ecommerce.testcases.VerifySortByNameOnMobileListPage"/>
  <testcase name="verifyCost" time="15.805" classname="com.ecommerce.testcases.VerifyCostListAndDetailPage"/>
  <testcase name="printInvoice" time="8.02" classname="com.ecommerce.testcases.VerifyInvoicePrinted"/>
  <testcase name="@BeforeSuite setUp" time="0.0" classname="com.ecommerce.pages.BaseClass">
    <ignored/>
  </testcase> <!-- @BeforeSuite setUp -->
  <testcase name="@BeforeSuite setUp" time="0.0" classname="com.ecommerce.pages.BaseClass">
    <ignored/>
  </testcase> <!-- @BeforeSuite setUp -->
</testsuite> <!-- Test -->
