<?xml version="1.0" encoding="UTF-8"?>
<!-- Generated by org.testng.reporters.JUnitXMLReporter -->
<testsuite hostname="PC4121" ignored="1" name="Test" tests="2" failures="1" timestamp="2020-07-12T20:11:35 IST" time="25.633" errors="0">
  <testcase name="@AfterMethod testResult" time="0.479" classname="com.ecommerce.pages.BaseClass">
    <failure type="java.lang.NullPointerException">
      <![CDATA[java.lang.NullPointerException
at com.ecommerce.pages.BaseClass.testResult(BaseClass.java:66)
at java.util.ArrayList.forEach(ArrayList.java:1249)
... Removed 32 stack frames]]>
    </failure>
  </testcase> <!-- @AfterMethod testResult -->
  <testcase name="@AfterClass closeBrowser" time="-1.59456489523E9" classname="com.ecommerce.pages.BaseClass">
    <skipped/>
  </testcase> <!-- @AfterClass closeBrowser -->
  <testcase name="verifySorting" time="3.355" classname="com.ecommerce.testcases.VerifySortByNameOnMobileListPage"/>
  <testcase name="verifyCost" time="0.003" classname="com.ecommerce.testcases.VerifyCostListAndDetailPage">
    <failure type="java.lang.NullPointerException">
      <![CDATA[java.lang.NullPointerException
at com.ecommerce.testcases.VerifyCostListAndDetailPage.verifyCost(VerifyCostListAndDetailPage.java:15)
at java.util.ArrayList.forEach(ArrayList.java:1249)
... Removed 27 stack frames]]>
    </failure>
  </testcase> <!-- verifyCost -->
  <testcase name="@BeforeSuite setUp" time="0.0" classname="com.ecommerce.pages.BaseClass">
    <ignored/>
  </testcase> <!-- @BeforeSuite setUp -->
</testsuite> <!-- Test -->
